<?xml version="1.0" encoding="UTF-8"?>
<!-- Generated by org.testng.reporters.JUnitXMLReporter -->
<testsuite ignored="0" hostname="HSCINHYDLT42593" failures="1" tests="2" name="Default test" time="144.903" errors="0" timestamp="2025-09-22T18:26:16 IST">
  <testcase classname="CoreTests.WorkorderTest" name="workorder" time="61.742">
    <skipped/>
  </testcase> <!-- workorder -->
  <testcase classname="CoreTests.WorkorderTest" name="workorder" time="62.521">
    <failure type="com.microsoft.playwright.TimeoutError" message="Error {
  message=&amp;apos;Timeout 60000ms exceeded.
  name=&amp;apos;TimeoutError
  stack=&amp;apos;TimeoutError: Timeout 60000ms exceeded.
    at ProgressController.run (C:\Users\KSHYAM~1\AppData\Local\Temp\playwright-java-12823980155497351562\package\lib\server\progress.js:65:26)
    at FrameDispatcher._runCommand (C:\Users\KSHYAM~1\AppData\Local\Temp\playwright-java-12823980155497351562\package\lib\server\dispatchers\dispatcher.js:91:31)
    at DispatcherConnection.dispatch (C:\Users\KSHYAM~1\AppData\Local\Temp\playwright-java-12823980155497351562\package\lib\server\dispatchers\dispatcher.js:322:39)
    at runNextTicks (node:internal/process/task_queues:65:5)
    at process.processImmediate (node:internal/timers:453:9)
}
Call log:
-   - waiting for locator(&amp;quot;//input[@id = &amp;apos;Login1_LoginButton&amp;apos;]&amp;quot;)
-     - locator resolved to &amp;lt;input type=&amp;quot;submit&amp;quot; value=&amp;quot;Sign In&amp;quot; id=&amp;quot;Login1_LoginButton&amp;quot; name=&amp;quot;Login1$LoginButton&amp;quot; class=&amp;quot;btn btn-primary center-block&amp;quot; onclick=&amp;quot;javascript:WebForm_DoPostBackWithOptions(new WebForm_PostBackOptions(&amp;quot;Login1$LoginButton&amp;quot;, &amp;quot;&amp;quot;, true, &amp;quot;Login1&amp;quot;, &amp;quot;&amp;quot;, false, false))&amp;quot;/&amp;gt;
-   - attempting click action
-     - waiting for element to be visible, enabled and stable
-     - element is visible, enabled and stable
-     - scrolling into view if needed
-     - done scrolling
-     - performing click action
-     - click action done
-     - waiting for scheduled navigations to finish
">
      <![CDATA[com.microsoft.playwright.TimeoutError: Error {
  message='Timeout 60000ms exceeded.
  name='TimeoutError
  stack='TimeoutError: Timeout 60000ms exceeded.
    at ProgressController.run (C:\Users\KSHYAM~1\AppData\Local\Temp\playwright-java-12823980155497351562\package\lib\server\progress.js:65:26)
    at FrameDispatcher._runCommand (C:\Users\KSHYAM~1\AppData\Local\Temp\playwright-java-12823980155497351562\package\lib\server\dispatchers\dispatcher.js:91:31)
    at DispatcherConnection.dispatch (C:\Users\KSHYAM~1\AppData\Local\Temp\playwright-java-12823980155497351562\package\lib\server\dispatchers\dispatcher.js:322:39)
    at runNextTicks (node:internal/process/task_queues:65:5)
    at process.processImmediate (node:internal/timers:453:9)
}
Call log:
-   - waiting for locator("//input[@id = 'Login1_LoginButton']")
-     - locator resolved to <input type="submit" value="Sign In" id="Login1_LoginButton" name="Login1$LoginButton" class="btn btn-primary center-block" onclick="javascript:WebForm_DoPostBackWithOptions(new WebForm_PostBackOptions("Login1$LoginButton", "", true, "Login1", "", false, false))"/>
-   - attempting click action
-     - waiting for element to be visible, enabled and stable
-     - element is visible, enabled and stable
-     - scrolling into view if needed
-     - done scrolling
-     - performing click action
-     - click action done
-     - waiting for scheduled navigations to finish

at com.microsoft.playwright.impl.WaitableResult.get(WaitableResult.java:52)
at com.microsoft.playwright.impl.ChannelOwner.runUntil(ChannelOwner.java:138)
at com.microsoft.playwright.impl.Connection.sendMessage(Connection.java:131)
at com.microsoft.playwright.impl.ChannelOwner.sendMessage(ChannelOwner.java:124)
at com.microsoft.playwright.impl.FrameImpl.clickImpl(FrameImpl.java:241)
at com.microsoft.playwright.impl.PageImpl.click(PageImpl.java:680)
at com.microsoft.playwright.Page.click(Page.java:3931)
at CorePages.LoginPage.login(LoginPage.java:44)
at CoreTests.WorkorderTest.workorder(WorkorderTest.java:16)
at java.base/jdk.internal.reflect.NativeMethodAccessorImpl.invoke0(Native Method)
at java.base/jdk.internal.reflect.NativeMethodAccessorImpl.invoke(NativeMethodAccessorImpl.java:77)
at java.base/jdk.internal.reflect.DelegatingMethodAccessorImpl.invoke(DelegatingMethodAccessorImpl.java:43)
at java.base/java.lang.reflect.Method.invoke(Method.java:568)
at org.testng.internal.invokers.MethodInvocationHelper.invokeMethod(MethodInvocationHelper.java:141)
at org.testng.internal.invokers.TestInvoker.invokeMethod(TestInvoker.java:686)
at org.testng.internal.invokers.TestInvoker.retryFailed(TestInvoker.java:269)
at org.testng.internal.invokers.MethodRunner.runInSequence(MethodRunner.java:76)
at org.testng.internal.invokers.TestInvoker$MethodInvocationAgent.invoke(TestInvoker.java:992)
at org.testng.internal.invokers.TestInvoker.invokeTestMethods(TestInvoker.java:203)
at org.testng.internal.invokers.TestMethodWorker.invokeTestMethods(TestMethodWorker.java:154)
at org.testng.internal.invokers.TestMethodWorker.run(TestMethodWorker.java:134)
at java.base/java.util.ArrayList.forEach(ArrayList.java:1511)
at org.testng.TestRunner.privateRun(TestRunner.java:739)
at org.testng.TestRunner.run(TestRunner.java:614)
at org.testng.SuiteRunner.runTest(SuiteRunner.java:421)
at org.testng.SuiteRunner.runSequentially(SuiteRunner.java:413)
at org.testng.SuiteRunner.privateRun(SuiteRunner.java:373)
at org.testng.SuiteRunner.run(SuiteRunner.java:312)
at org.testng.SuiteRunnerWorker.runSuite(SuiteRunnerWorker.java:52)
at org.testng.SuiteRunnerWorker.run(SuiteRunnerWorker.java:95)
at org.testng.TestNG.runSuitesSequentially(TestNG.java:1274)
at org.testng.TestNG.runSuitesLocally(TestNG.java:1208)
at org.testng.TestNG.runSuites(TestNG.java:1112)
at org.testng.TestNG.run(TestNG.java:1079)
at org.testng.remote.AbstractRemoteTestNG.run(AbstractRemoteTestNG.java:115)
at org.testng.remote.RemoteTestNG.initAndRun(RemoteTestNG.java:293)
at org.testng.remote.RemoteTestNG.main(RemoteTestNG.java:91)
Caused by: com.microsoft.playwright.TimeoutError: Error {
  message='Timeout 60000ms exceeded.
  name='TimeoutError
  stack='TimeoutError: Timeout 60000ms exceeded.
    at ProgressController.run (C:\Users\KSHYAM~1\AppData\Local\Temp\playwright-java-12823980155497351562\package\lib\server\progress.js:65:26)
    at FrameDispatcher._runCommand (C:\Users\KSHYAM~1\AppData\Local\Temp\playwright-java-12823980155497351562\package\lib\server\dispatchers\dispatcher.js:91:31)
    at DispatcherConnection.dispatch (C:\Users\KSHYAM~1\AppData\Local\Temp\playwright-java-12823980155497351562\package\lib\server\dispatchers\dispatcher.js:322:39)
    at runNextTicks (node:internal/process/task_queues:65:5)
    at process.processImmediate (node:internal/timers:453:9)
}
Call log:
-   - waiting for locator("//input[@id = 'Login1_LoginButton']")
-     - locator resolved to <input type="submit" value="Sign In" id="Login1_LoginButton" name="Login1$LoginButton" class="btn btn-primary center-block" onclick="javascript:WebForm_DoPostBackWithOptions(new WebForm_PostBackOptions("Login1$LoginButton", "", true, "Login1", "", false, false))"/>
-   - attempting click action
-     - waiting for element to be visible, enabled and stable
-     - element is visible, enabled and stable
-     - scrolling into view if needed
-     - done scrolling
-     - performing click action
-     - click action done
-     - waiting for scheduled navigations to finish

at com.microsoft.playwright.impl.Connection.dispatch(Connection.java:257)
at com.microsoft.playwright.impl.Connection.processOneMessage(Connection.java:214)
at com.microsoft.playwright.impl.ChannelOwner.runUntil(ChannelOwner.java:136)
... 35 more
]]>
    </failure>
  </testcase> <!-- workorder -->
</testsuite> <!-- Default test -->
