<?xml version="1.0" encoding="UTF-8"?>
<!-- Generated by org.testng.reporters.JUnitXMLReporter -->
<testsuite ignored="27" hostname="HSCINHYDLT42593" failures="0" tests="6" name="Smoke Tests" time="582.479" errors="0" timestamp="2025-10-01T13:57:54 IST">
  <testcase classname="CoreTests.GeneratorSearchtest" name="gentr" time="87.453"/>
  <testcase classname="CoreTests.LoginTest" name="Login" time="36.656"/>
  <testcase classname="CoreTests.GeneratorTest" name="genertr" time="147.473"/>
  <testcase classname="CoreTests.InvoiceTest" name="invce" time="197.208">
    <skipped/>
  </testcase> <!-- invce -->
  <testcase classname="CoreTests.InvoiceTest" name="invce" time="155.795"/>
  <testcase classname="CoreTests.Outboundtest" name="outbond" time="420.518"/>
  <testcase classname="CoreTests.PInvoicetest" name="gensrch" time="0.0">
    <ignored/>
  </testcase> <!-- gensrch -->
  <testcase classname="CoreTests.ScannedDrumTest" name="scdrum" time="0.0">
    <ignored/>
  </testcase> <!-- scdrum -->
  <testcase classname="CoreTests.ReceivingLogsTest" name="rlogs" time="0.0">
    <ignored/>
  </testcase> <!-- rlogs -->
  <testcase classname="CoreTests.ProfileTgeExcelTest" name="tongerprt" time="0.0">
    <ignored/>
  </testcase> <!-- tongerprt -->
  <testcase classname="CoreTests.ProfileApprovalReport" name="ProfileApproval" time="0.0">
    <ignored/>
  </testcase> <!-- ProfileApproval -->
  <testcase classname="CoreTests.InboundsTest" name="inbnd" time="0.0">
    <ignored/>
  </testcase> <!-- inbnd -->
  <testcase classname="CoreTests.Profile30daysrecrttest" name="recert" time="0.0">
    <ignored/>
  </testcase> <!-- recert -->
  <testcase classname="CoreTests.WorkordersnotinvoicedTest" name="work" time="0.0">
    <ignored/>
  </testcase> <!-- work -->
  <testcase classname="CoreTests.SolidWasteInboundTest" name="inbnd" time="0.0">
    <ignored/>
  </testcase> <!-- inbnd -->
  <testcase classname="CoreTests.UserReportTest" name="user" time="0.0">
    <ignored/>
  </testcase> <!-- user -->
  <testcase classname="CoreTests.ProfileConstituentTest" name="profile" time="0.0">
    <ignored/>
  </testcase> <!-- profile -->
  <testcase classname="CoreTests.UnbilledReportTest" name="rprt" time="0.0">
    <ignored/>
  </testcase> <!-- rprt -->
  <testcase classname="CoreTests.PInvoicetest" name="Pinvtst" time="0.0">
    <ignored/>
  </testcase> <!-- Pinvtst -->
  <testcase classname="CoreTests.ProfileRecertTest" name="recrt" time="0.0">
    <ignored/>
  </testcase> <!-- recrt -->
  <testcase classname="CoreTests.ProfilebyGeneratorTest" name="gener" time="0.0">
    <ignored/>
  </testcase> <!-- gener -->
  <testcase classname="CoreTests.SuspectContainersTest" name="sspcntr" time="0.0">
    <ignored/>
  </testcase> <!-- sspcntr -->
  <testcase classname="CoreTests.ProfileTonnageTest" name="ton" time="0.0">
    <ignored/>
  </testcase> <!-- ton -->
  <testcase classname="CoreTests.ProfilesbyCustomerTest" name="customr" time="0.0">
    <ignored/>
  </testcase> <!-- customr -->
  <testcase classname="CoreTests.TrackingAlternatetest" name="tratnte" time="0.0">
    <ignored/>
  </testcase> <!-- tratnte -->
  <testcase classname="CoreTests.TrackingReportTest" name="trrprt" time="0.0">
    <ignored/>
  </testcase> <!-- trrprt -->
  <testcase classname="CoreTests.UniversalWasteTest" name="unvwste" time="0.0">
    <ignored/>
  </testcase> <!-- unvwste -->
  <testcase classname="CoreTests.WorkorderTest" name="workorder" time="0.0">
    <ignored/>
  </testcase> <!-- workorder -->
  <testcase classname="CoreTests.ProfilePricingTest" name="prflepr" time="0.0">
    <ignored/>
  </testcase> <!-- prflepr -->
  <testcase classname="CoreTests.WorkordersonHoldTest" name="wrkord" time="0.0">
    <ignored/>
  </testcase> <!-- wrkord -->
  <testcase classname="CoreTests.TanksTest" name="tanktest" time="0.0">
    <ignored/>
  </testcase> <!-- tanktest -->
  <testcase classname="CoreTests.RevenueOutboundTest" name="revneotbnd" time="0.0">
    <ignored/>
  </testcase> <!-- revneotbnd -->
  <testcase classname="CoreTests.SolidWastetest" name="sldwste" time="0.0">
    <ignored/>
  </testcase> <!-- sldwste -->
</testsuite> <!-- Smoke Tests -->
