<?xml version="1.0" encoding="UTF-8"?>
<!-- Generated by org.testng.reporters.JUnitXMLReporter -->
<testsuite ignored="0" hostname="HSCINHYDLT42593" failures="0" tests="6" name="Test" time="405.774" errors="0" timestamp="2025-08-22T20:08:23 IST">
  <testcase classname="CoreTests.LoginTest" name="Login" time="53.921"/>
  <testcase classname="CoreTests.ProfileRecertTest" name="recrt" time="69.444"/>
  <testcase classname="CoreTests.TanksTest" name="tanktest" time="79.133"/>
  <testcase classname="CoreTests.ProfileApprovalReport" name="ProfileApproval" time="138.255"/>
  <testcase classname="CoreTests.ProfileTonnageTest" name="ton" time="214.744"/>
  <testcase classname="CoreTests.WorkorderTest" name="workorder" time="389.547"/>
</testsuite> <!-- Test -->
