<?xml version="1.0" encoding="UTF-8"?>
<!-- Generated by org.testng.reporters.JUnitXMLReporter -->
<testsuite ignored="0" hostname="HSCINHYDLT42593" failures="0" tests="6" name="Test" time="706.02" errors="0" timestamp="2025-08-22T16:01:19 IST">
  <testcase classname="CoreTests.WorkorderTest" name="workorder" time="305.023"/>
  <testcase classname="CoreTests.ProfileApprovalReport" name="ProfileApproval" time="99.033"/>
  <testcase classname="CoreTests.ProfileRecertTest" name="recrt" time="53.662"/>
  <testcase classname="CoreTests.TanksTest" name="tanktest" time="67.302"/>
  <testcase classname="CoreTests.LoginTest" name="Login" time="43.062"/>
  <testcase classname="CoreTests.ProfileTonnageTest" name="ton" time="90.437"/>
</testsuite> <!-- Test -->
