<?xml version="1.0" encoding="UTF-8"?>
<!-- Generated by org.testng.reporters.JUnitXMLReporter -->
<testsuite ignored="0" hostname="HSCINHYDLT42593" failures="1" tests="2" name="Smoke Tests(failed)" time="151.562" errors="0" timestamp="2025-10-01T14:35:35 IST">
  <testcase classname="CoreTests.InvoiceTest" name="invce" time="61.842">
    <skipped/>
  </testcase> <!-- invce -->
  <testcase classname="CoreTests.InvoiceTest" name="invce" time="62.56">
    <failure type="com.microsoft.playwright.TimeoutError" message="Error {
  message=&amp;apos;Timeout 60000ms exceeded.
  name=&amp;apos;TimeoutError
  stack=&amp;apos;TimeoutError: Timeout 60000ms exceeded.
    at ProgressController.run (C:\Users\KSHYAM~1\AppData\Local\Temp\playwright-java-10994876203392747929\package\lib\server\progress.js:65:26)
    at FrameDispatcher._runCommand (C:\Users\KSHYAM~1\AppData\Local\Temp\playwright-java-10994876203392747929\package\lib\server\dispatchers\dispatcher.js:91:31)
    at DispatcherConnection.dispatch (C:\Users\KSHYAM~1\AppData\Local\Temp\playwright-java-10994876203392747929\package\lib\server\dispatchers\dispatcher.js:322:39)
}
Call log:
-   - waiting for locator(&amp;quot;//input[@id = &amp;apos;Login1_LoginButton&amp;apos;]&amp;quot;)
-     - locator resolved to &amp;lt;input type=&amp;quot;submit&amp;quot; value=&amp;quot;Sign In&amp;quot; id=&amp;quot;Login1_LoginButton&amp;quot; name=&amp;quot;Login1$LoginButton&amp;quot; class=&amp;quot;btn btn-primary center-block&amp;quot; onclick=&amp;quot;javascript:WebForm_DoPostBackWithOptions(new WebForm_PostBackOptions(&amp;quot;Login1$LoginButton&amp;quot;, &amp;quot;&amp;quot;, true, &amp;quot;Login1&amp;quot;, &amp;quot;&amp;quot;, false, false))&amp;quot;/&amp;gt;
-   - attempting click action
-     - waiting for element to be visible, enabled and stable
-     - element is visible, enabled and stable
-     - scrolling into view if needed
-     - done scrolling
-     - performing click action
-     - click action done
-     - waiting for scheduled navigations to finish
">
      <![CDATA[com.microsoft.playwright.TimeoutError: Error {
  message='Timeout 60000ms exceeded.
  name='TimeoutError
  stack='TimeoutError: Timeout 60000ms exceeded.
    at ProgressController.run (C:\Users\KSHYAM~1\AppData\Local\Temp\playwright-java-10994876203392747929\package\lib\server\progress.js:65:26)
    at FrameDispatcher._runCommand (C:\Users\KSHYAM~1\AppData\Local\Temp\playwright-java-10994876203392747929\package\lib\server\dispatchers\dispatcher.js:91:31)
    at DispatcherConnection.dispatch (C:\Users\KSHYAM~1\AppData\Local\Temp\playwright-java-10994876203392747929\package\lib\server\dispatchers\dispatcher.js:322:39)
}
Call log:
-   - waiting for locator("//input[@id = 'Login1_LoginButton']")
-     - locator resolved to <input type="submit" value="Sign In" id="Login1_LoginButton" name="Login1$LoginButton" class="btn btn-primary center-block" onclick="javascript:WebForm_DoPostBackWithOptions(new WebForm_PostBackOptions("Login1$LoginButton", "", true, "Login1", "", false, false))"/>
-   - attempting click action
-     - waiting for element to be visible, enabled and stable
-     - element is visible, enabled and stable
-     - scrolling into view if needed
-     - done scrolling
-     - performing click action
-     - click action done
-     - waiting for scheduled navigations to finish

at com.microsoft.playwright.impl.WaitableResult.get(WaitableResult.java:52)
at com.microsoft.playwright.impl.ChannelOwner.runUntil(ChannelOwner.java:138)
at com.microsoft.playwright.impl.Connection.sendMessage(Connection.java:131)
at com.microsoft.playwright.impl.ChannelOwner.sendMessage(ChannelOwner.java:124)
at com.microsoft.playwright.impl.FrameImpl.clickImpl(FrameImpl.java:241)
at com.microsoft.playwright.impl.PageImpl.click(PageImpl.java:680)
at com.microsoft.playwright.Page.click(Page.java:3931)
at CorePages.LoginPage.login(LoginPage.java:44)
at CoreTests.InvoiceTest.invce(InvoiceTest.java:16)
at java.base/java.util.concurrent.Executors$RunnableAdapter.call(Executors.java:539)
at java.base/java.util.concurrent.FutureTask.run(FutureTask.java:264)
at java.base/java.util.concurrent.ThreadPoolExecutor.runWorker(ThreadPoolExecutor.java:1136)
at java.base/java.util.concurrent.ThreadPoolExecutor$Worker.run(ThreadPoolExecutor.java:635)
at java.base/java.lang.Thread.run(Thread.java:833)
Caused by: com.microsoft.playwright.TimeoutError: Error {
  message='Timeout 60000ms exceeded.
  name='TimeoutError
  stack='TimeoutError: Timeout 60000ms exceeded.
    at ProgressController.run (C:\Users\KSHYAM~1\AppData\Local\Temp\playwright-java-10994876203392747929\package\lib\server\progress.js:65:26)
    at FrameDispatcher._runCommand (C:\Users\KSHYAM~1\AppData\Local\Temp\playwright-java-10994876203392747929\package\lib\server\dispatchers\dispatcher.js:91:31)
    at DispatcherConnection.dispatch (C:\Users\KSHYAM~1\AppData\Local\Temp\playwright-java-10994876203392747929\package\lib\server\dispatchers\dispatcher.js:322:39)
}
Call log:
-   - waiting for locator("//input[@id = 'Login1_LoginButton']")
-     - locator resolved to <input type="submit" value="Sign In" id="Login1_LoginButton" name="Login1$LoginButton" class="btn btn-primary center-block" onclick="javascript:WebForm_DoPostBackWithOptions(new WebForm_PostBackOptions("Login1$LoginButton", "", true, "Login1", "", false, false))"/>
-   - attempting click action
-     - waiting for element to be visible, enabled and stable
-     - element is visible, enabled and stable
-     - scrolling into view if needed
-     - done scrolling
-     - performing click action
-     - click action done
-     - waiting for scheduled navigations to finish

at com.microsoft.playwright.impl.Connection.dispatch(Connection.java:257)
at com.microsoft.playwright.impl.Connection.processOneMessage(Connection.java:214)
at com.microsoft.playwright.impl.ChannelOwner.runUntil(ChannelOwner.java:136)
... 25 more
... Removed 13 stack frames]]>
    </failure>
  </testcase> <!-- invce -->
</testsuite> <!-- Smoke Tests(failed) -->
