<?xml version="1.0" encoding="UTF-8"?>
<testng-results ignored="0" total="0" passed="0" failed="0" skipped="0">
  <reporter-output>
  </reporter-output>
  <suite started-at="2025-08-05T15:42:37 IST" name="CorePlayWrightAutomationFramework.CorePlayWrightAutomationFramework.AppTest" finished-at="2025-08-05T15:42:37 IST" duration-ms="6">
    <groups>
    </groups>
    <test started-at="2025-08-05T15:42:37 IST" name="Command line test" finished-at="2025-08-05T15:42:37 IST" duration-ms="6">
    </test> <!-- Command line test -->
  </suite> <!-- CorePlayWrightAutomationFramework.CorePlayWrightAutomationFramework.AppTest -->
</testng-results>
