<?xml version="1.0" encoding="UTF-8"?>
<testng-results retried="1" ignored="1" total="3" passed="1" failed="0" skipped="0">
  <reporter-output>
  </reporter-output>
  <suite started-at="2025-09-08T15:02:06 IST" name="Default suite" finished-at="2025-09-08T15:14:14 IST" duration-ms="727582">
    <groups>
    </groups>
    <test started-at="2025-09-08T15:02:06 IST" name="Default test" finished-at="2025-09-08T15:14:14 IST" duration-ms="727582">
      <class name="CoreTests.Outboundtest">
        <test-method is-config="true" signature="setup()[pri:0, instance:CoreTests.Outboundtest@50029372]" started-at="2025-09-08T15:02:12 IST" name="setup" finished-at="2025-09-08T15:02:24 IST" duration-ms="12358" status="PASS">
          <reporter-output>
          </reporter-output>
        </test-method> <!-- setup -->
        <test-method retried="true" signature="outbond(java.lang.String,java.lang.String,java.lang.String,java.lang.String,java.lang.String,java.lang.String,java.lang.String)[pri:0, instance:CoreTests.Outboundtest@50029372]" started-at="2025-09-08T15:02:24 IST" name="outbond" data-provider="InterCompany" finished-at="2025-09-08T15:07:40 IST" duration-ms="316198" status="SKIP">
          <params>
            <param index="0">
              <value>
                <![CDATA[alpha]]>
              </value>
            </param>
            <param index="1">
              <value>
                <![CDATA[Harsco123!]]>
              </value>
            </param>
            <param index="2">
              <value>
                <![CDATA[ZZ7700]]>
              </value>
            </param>
            <param index="3">
              <value>
                <![CDATA[Clean Earth of Calvert City]]>
              </value>
            </param>
            <param index="4">
              <value>
                <![CDATA[Ross Incineration Services, Inc.]]>
              </value>
            </param>
            <param index="5">
              <value>
                <![CDATA[DM]]>
              </value>
            </param>
            <param index="6">
              <value>
                <![CDATA[P]]>
              </value>
            </param>
          </params>
          <exception class="com.microsoft.playwright.impl.TargetClosedError">
            <message>
              <![CDATA[Error {
  message='Target page, context or browser has been closed
  name='TargetClosedError
  stack='TargetClosedError: Target page, context or browser has been closed
    at PageDispatcher._dispose (C:\Users\KSHYAM~1\AppData\Local\Temp\playwright-java-16362596071776340107\package\lib\server\dispatchers\dispatcher.js:105:30)
    at Page.<anonymous> (C:\Users\KSHYAM~1\AppData\Local\Temp\playwright-java-16362596071776340107\package\lib\server\dispatchers\pageDispatcher.js:71:12)
    at Page.emit (node:events:518:28)
    at Page._didClose (C:\Users\KSHYAM~1\AppData\Local\Temp\playwright-java-16362596071776340107\package\lib\server\page.js:172:10)
    at CRPage.didClose (C:\Users\KSHYAM~1\AppData\Local\Temp\playwright-java-16362596071776340107\package\lib\server\chromium\crPage.js:135:16)
    at CRBrowser._onDetachedFromTarget (C:\Users\KSHYAM~1\AppData\Local\Temp\playwright-java-16362596071776340107\package\lib\server\chromium\crBrowser.js:183:14)
    at CRSession.emit (node:events:518:28)
    at C:\Users\KSHYAM~1\AppData\Local\Temp\playwright-java-16362596071776340107\package\lib\server\chromium\crConnection.js:138:14
}]]>
            </message>
            <full-stacktrace>
              <![CDATA[com.microsoft.playwright.impl.TargetClosedError: Error {
  message='Target page, context or browser has been closed
  name='TargetClosedError
  stack='TargetClosedError: Target page, context or browser has been closed
    at PageDispatcher._dispose (C:\Users\KSHYAM~1\AppData\Local\Temp\playwright-java-16362596071776340107\package\lib\server\dispatchers\dispatcher.js:105:30)
    at Page.<anonymous> (C:\Users\KSHYAM~1\AppData\Local\Temp\playwright-java-16362596071776340107\package\lib\server\dispatchers\pageDispatcher.js:71:12)
    at Page.emit (node:events:518:28)
    at Page._didClose (C:\Users\KSHYAM~1\AppData\Local\Temp\playwright-java-16362596071776340107\package\lib\server\page.js:172:10)
    at CRPage.didClose (C:\Users\KSHYAM~1\AppData\Local\Temp\playwright-java-16362596071776340107\package\lib\server\chromium\crPage.js:135:16)
    at CRBrowser._onDetachedFromTarget (C:\Users\KSHYAM~1\AppData\Local\Temp\playwright-java-16362596071776340107\package\lib\server\chromium\crBrowser.js:183:14)
    at CRSession.emit (node:events:518:28)
    at C:\Users\KSHYAM~1\AppData\Local\Temp\playwright-java-16362596071776340107\package\lib\server\chromium\crConnection.js:138:14
}
at com.microsoft.playwright.impl.WaitableResult.get(WaitableResult.java:54)
at com.microsoft.playwright.impl.ChannelOwner.runUntil(ChannelOwner.java:138)
at com.microsoft.playwright.impl.Connection.sendMessage(Connection.java:131)
at com.microsoft.playwright.impl.ChannelOwner.sendMessage(ChannelOwner.java:124)
at com.microsoft.playwright.impl.FrameImpl.waitForTimeout(FrameImpl.java:997)
at com.microsoft.playwright.impl.PageImpl.waitForTimeout(PageImpl.java:1532)
at CorePages.OutboundPage.prdtdata(OutboundPage.java:183)
at CoreTests.Outboundtest.outbond(Outboundtest.java:30)
at java.base/jdk.internal.reflect.NativeMethodAccessorImpl.invoke0(Native Method)
at java.base/jdk.internal.reflect.NativeMethodAccessorImpl.invoke(NativeMethodAccessorImpl.java:77)
at java.base/jdk.internal.reflect.DelegatingMethodAccessorImpl.invoke(DelegatingMethodAccessorImpl.java:43)
at java.base/java.lang.reflect.Method.invoke(Method.java:568)
at org.testng.internal.invokers.MethodInvocationHelper.invokeMethod(MethodInvocationHelper.java:141)
at org.testng.internal.invokers.TestInvoker.invokeMethod(TestInvoker.java:686)
at org.testng.internal.invokers.TestInvoker.invokeTestMethod(TestInvoker.java:230)
at org.testng.internal.invokers.MethodRunner.runInSequence(MethodRunner.java:63)
at org.testng.internal.invokers.TestInvoker$MethodInvocationAgent.invoke(TestInvoker.java:992)
at org.testng.internal.invokers.TestInvoker.invokeTestMethods(TestInvoker.java:203)
at org.testng.internal.invokers.TestMethodWorker.invokeTestMethods(TestMethodWorker.java:154)
at org.testng.internal.invokers.TestMethodWorker.run(TestMethodWorker.java:134)
at java.base/java.util.ArrayList.forEach(ArrayList.java:1511)
at org.testng.TestRunner.privateRun(TestRunner.java:739)
at org.testng.TestRunner.run(TestRunner.java:614)
at org.testng.SuiteRunner.runTest(SuiteRunner.java:421)
at org.testng.SuiteRunner.runSequentially(SuiteRunner.java:413)
at org.testng.SuiteRunner.privateRun(SuiteRunner.java:373)
at org.testng.SuiteRunner.run(SuiteRunner.java:312)
at org.testng.SuiteRunnerWorker.runSuite(SuiteRunnerWorker.java:52)
at org.testng.SuiteRunnerWorker.run(SuiteRunnerWorker.java:95)
at org.testng.TestNG.runSuitesSequentially(TestNG.java:1274)
at org.testng.TestNG.runSuitesLocally(TestNG.java:1208)
at org.testng.TestNG.runSuites(TestNG.java:1112)
at org.testng.TestNG.run(TestNG.java:1079)
at org.testng.remote.AbstractRemoteTestNG.run(AbstractRemoteTestNG.java:115)
at org.testng.remote.RemoteTestNG.initAndRun(RemoteTestNG.java:293)
at org.testng.remote.RemoteTestNG.main(RemoteTestNG.java:91)
Caused by: com.microsoft.playwright.impl.TargetClosedError: Error {
  message='Target page, context or browser has been closed
  name='TargetClosedError
  stack='TargetClosedError: Target page, context or browser has been closed
    at PageDispatcher._dispose (C:\Users\KSHYAM~1\AppData\Local\Temp\playwright-java-16362596071776340107\package\lib\server\dispatchers\dispatcher.js:105:30)
    at Page.<anonymous> (C:\Users\KSHYAM~1\AppData\Local\Temp\playwright-java-16362596071776340107\package\lib\server\dispatchers\pageDispatcher.js:71:12)
    at Page.emit (node:events:518:28)
    at Page._didClose (C:\Users\KSHYAM~1\AppData\Local\Temp\playwright-java-16362596071776340107\package\lib\server\page.js:172:10)
    at CRPage.didClose (C:\Users\KSHYAM~1\AppData\Local\Temp\playwright-java-16362596071776340107\package\lib\server\chromium\crPage.js:135:16)
    at CRBrowser._onDetachedFromTarget (C:\Users\KSHYAM~1\AppData\Local\Temp\playwright-java-16362596071776340107\package\lib\server\chromium\crBrowser.js:183:14)
    at CRSession.emit (node:events:518:28)
    at C:\Users\KSHYAM~1\AppData\Local\Temp\playwright-java-16362596071776340107\package\lib\server\chromium\crConnection.js:138:14
}
at com.microsoft.playwright.impl.Connection.dispatch(Connection.java:259)
at com.microsoft.playwright.impl.Connection.processOneMessage(Connection.java:214)
at com.microsoft.playwright.impl.ChannelOwner.runUntil(ChannelOwner.java:136)
... 34 more
]]>
            </full-stacktrace>
          </exception> <!-- com.microsoft.playwright.impl.TargetClosedError -->
          <reporter-output>
          </reporter-output>
        </test-method> <!-- outbond -->
        <test-method is-config="true" signature="teardown()[pri:0, instance:CoreTests.Outboundtest@50029372]" started-at="2025-09-08T15:07:40 IST" name="teardown" finished-at="2025-09-08T15:07:41 IST" duration-ms="300" status="PASS">
          <reporter-output>
          </reporter-output>
        </test-method> <!-- teardown -->
        <test-method is-config="true" signature="setup()[pri:0, instance:CoreTests.Outboundtest@50029372]" started-at="2025-09-08T15:07:41 IST" name="setup" finished-at="2025-09-08T15:07:48 IST" duration-ms="7014" status="PASS">
          <reporter-output>
          </reporter-output>
        </test-method> <!-- setup -->
        <test-method signature="outbond(java.lang.String,java.lang.String,java.lang.String,java.lang.String,java.lang.String,java.lang.String,java.lang.String)[pri:0, instance:CoreTests.Outboundtest@50029372]" started-at="2025-09-08T15:07:48 IST" name="outbond" data-provider="InterCompany" finished-at="2025-09-08T15:14:13 IST" duration-ms="385708" status="PASS">
          <params>
            <param index="0">
              <value>
                <![CDATA[alpha]]>
              </value>
            </param>
            <param index="1">
              <value>
                <![CDATA[Harsco123!]]>
              </value>
            </param>
            <param index="2">
              <value>
                <![CDATA[ZZ7700]]>
              </value>
            </param>
            <param index="3">
              <value>
                <![CDATA[Clean Earth of Calvert City]]>
              </value>
            </param>
            <param index="4">
              <value>
                <![CDATA[Ross Incineration Services, Inc.]]>
              </value>
            </param>
            <param index="5">
              <value>
                <![CDATA[DM]]>
              </value>
            </param>
            <param index="6">
              <value>
                <![CDATA[P]]>
              </value>
            </param>
          </params>
          <reporter-output>
          </reporter-output>
        </test-method> <!-- outbond -->
        <test-method is-config="true" signature="teardown()[pri:0, instance:CoreTests.Outboundtest@50029372]" started-at="2025-09-08T15:14:13 IST" name="teardown" finished-at="2025-09-08T15:14:14 IST" duration-ms="327" status="PASS">
          <reporter-output>
          </reporter-output>
        </test-method> <!-- teardown -->
      </class> <!-- CoreTests.Outboundtest -->
    </test> <!-- Default test -->
  </suite> <!-- Default suite -->
</testng-results>
