<?xml version="1.0" encoding="UTF-8"?>
<testng-results ignored="0" total="6" passed="6" failed="0" skipped="0">
  <reporter-output>
  </reporter-output>
  <suite started-at="2025-08-22T15:49:33 IST" name="Suite" finished-at="2025-08-22T16:01:19 IST" duration-ms="706020">
    <groups>
    </groups>
    <test started-at="2025-08-22T15:49:33 IST" name="Test" finished-at="2025-08-22T16:01:19 IST" duration-ms="706020">
      <class name="CoreTests.ProfileApprovalReport">
        <test-method is-config="true" signature="setup()[pri:0, instance:CoreTests.ProfileApprovalReport@4bb33f74]" started-at="2025-08-22T15:54:50 IST" name="setup" finished-at="2025-08-22T15:55:01 IST" duration-ms="10460" status="PASS">
          <reporter-output>
          </reporter-output>
        </test-method> <!-- setup -->
        <test-method signature="ProfileApproval(java.lang.String,java.lang.String,java.lang.String,java.lang.String)[pri:0, instance:CoreTests.ProfileApprovalReport@4bb33f74]" started-at="2025-08-22T15:55:01 IST" name="ProfileApproval" data-provider="loginData" finished-at="2025-08-22T15:56:40 IST" duration-ms="99033" status="PASS">
          <params>
            <param index="0">
              <value>
                <![CDATA[coreuser]]>
              </value>
            </param>
            <param index="1">
              <value>
                <![CDATA[Harsco123!]]>
              </value>
            </param>
            <param index="2">
              <value>
                <![CDATA[6/1/25]]>
              </value>
            </param>
            <param index="3">
              <value>
                <![CDATA[8/7/25]]>
              </value>
            </param>
          </params>
          <reporter-output>
          </reporter-output>
        </test-method> <!-- ProfileApproval -->
        <test-method is-config="true" signature="teardown()[pri:0, instance:CoreTests.ProfileApprovalReport@4bb33f74]" started-at="2025-08-22T15:56:40 IST" name="teardown" finished-at="2025-08-22T15:56:40 IST" duration-ms="291" status="PASS">
          <reporter-output>
          </reporter-output>
        </test-method> <!-- teardown -->
      </class> <!-- CoreTests.ProfileApprovalReport -->
      <class name="CoreTests.WorkorderTest">
        <test-method is-config="true" signature="setup()[pri:0, instance:CoreTests.WorkorderTest@31e5415e]" started-at="2025-08-22T15:49:34 IST" name="setup" finished-at="2025-08-22T15:49:45 IST" duration-ms="11430" status="PASS">
          <reporter-output>
          </reporter-output>
        </test-method> <!-- setup -->
        <test-method signature="workorder(java.lang.String,java.lang.String,java.lang.String,java.lang.String,java.lang.String,java.lang.String,java.lang.String,java.lang.String,java.lang.String,java.lang.String)[pri:0, instance:CoreTests.WorkorderTest@31e5415e]" started-at="2025-08-22T15:49:45 IST" name="workorder" data-provider="loginData2" finished-at="2025-08-22T15:54:50 IST" duration-ms="305023" status="PASS">
          <params>
            <param index="0">
              <value>
                <![CDATA[coreuser]]>
              </value>
            </param>
            <param index="1">
              <value>
                <![CDATA[Harsco123!]]>
              </value>
            </param>
            <param index="2">
              <value>
                <![CDATA[11957]]>
              </value>
            </param>
            <param index="3">
              <value>
                <![CDATA[582]]>
              </value>
            </param>
            <param index="4">
              <value>
                <![CDATA[Abadia, Julio]]>
              </value>
            </param>
            <param index="5">
              <value>
                <![CDATA[Conduit, Steven]]>
              </value>
            </param>
            <param index="6">
              <value>
                <![CDATA[Almonte, Sonya]]>
              </value>
            </param>
            <param index="7">
              <value>
                <![CDATA[1 - Clean Earth of Calvert City (AESKY) - 1689 Shar-Cal Road, Calvert City, KY 42029 - 1]]>
              </value>
            </param>
            <param index="8">
              <value>
                <![CDATA[DM]]>
              </value>
            </param>
            <param index="9">
              <value>
                <![CDATA[P]]>
              </value>
            </param>
          </params>
          <reporter-output>
          </reporter-output>
        </test-method> <!-- workorder -->
        <test-method is-config="true" signature="teardown()[pri:0, instance:CoreTests.WorkorderTest@31e5415e]" started-at="2025-08-22T15:54:50 IST" name="teardown" finished-at="2025-08-22T15:54:50 IST" duration-ms="276" status="PASS">
          <reporter-output>
          </reporter-output>
        </test-method> <!-- teardown -->
      </class> <!-- CoreTests.WorkorderTest -->
      <class name="CoreTests.LoginTest">
        <test-method is-config="true" signature="setup()[pri:0, instance:CoreTests.LoginTest@3d5c822d]" started-at="2025-08-22T15:58:54 IST" name="setup" finished-at="2025-08-22T15:58:59 IST" duration-ms="5338" status="PASS">
          <reporter-output>
          </reporter-output>
        </test-method> <!-- setup -->
        <test-method signature="Login(java.lang.String,java.lang.String)[pri:0, instance:CoreTests.LoginTest@3d5c822d]" started-at="2025-08-22T15:58:59 IST" name="Login" data-provider="login" finished-at="2025-08-22T15:59:42 IST" duration-ms="43062" status="PASS">
          <params>
            <param index="0">
              <value>
                <![CDATA[coreuser]]>
              </value>
            </param>
            <param index="1">
              <value>
                <![CDATA[Harsco123!]]>
              </value>
            </param>
          </params>
          <reporter-output>
          </reporter-output>
        </test-method> <!-- Login -->
        <test-method is-config="true" signature="teardown()[pri:0, instance:CoreTests.LoginTest@3d5c822d]" started-at="2025-08-22T15:59:42 IST" name="teardown" finished-at="2025-08-22T15:59:43 IST" duration-ms="337" status="PASS">
          <reporter-output>
          </reporter-output>
        </test-method> <!-- teardown -->
      </class> <!-- CoreTests.LoginTest -->
      <class name="CoreTests.TanksTest">
        <test-method is-config="true" signature="setup()[pri:0, instance:CoreTests.TanksTest@3c73951]" started-at="2025-08-22T15:57:41 IST" name="setup" finished-at="2025-08-22T15:57:46 IST" duration-ms="5124" status="PASS">
          <reporter-output>
          </reporter-output>
        </test-method> <!-- setup -->
        <test-method signature="tanktest(java.lang.String,java.lang.String,java.lang.String,java.lang.String,java.lang.String,java.lang.String)[pri:0, instance:CoreTests.TanksTest@3c73951]" started-at="2025-08-22T15:57:46 IST" name="tanktest" data-provider="Tanks" finished-at="2025-08-22T15:58:54 IST" duration-ms="67302" status="PASS">
          <params>
            <param index="0">
              <value>
                <![CDATA[coreuser]]>
              </value>
            </param>
            <param index="1">
              <value>
                <![CDATA[Harsco123!]]>
              </value>
            </param>
            <param index="2">
              <value>
                <![CDATA[213]]>
              </value>
            </param>
            <param index="3">
              <value>
                <![CDATA[016879982FLE]]>
              </value>
            </param>
            <param index="4">
              <value>
                <![CDATA[T-213-081125-2]]>
              </value>
            </param>
            <param index="5">
              <value>
                <![CDATA[87058]]>
              </value>
            </param>
          </params>
          <reporter-output>
          </reporter-output>
        </test-method> <!-- tanktest -->
        <test-method is-config="true" signature="teardown()[pri:0, instance:CoreTests.TanksTest@3c73951]" started-at="2025-08-22T15:58:54 IST" name="teardown" finished-at="2025-08-22T15:58:54 IST" duration-ms="247" status="PASS">
          <reporter-output>
          </reporter-output>
        </test-method> <!-- teardown -->
      </class> <!-- CoreTests.TanksTest -->
      <class name="CoreTests.ProfileRecertTest">
        <test-method is-config="true" signature="setup()[pri:0, instance:CoreTests.ProfileRecertTest@759d26fb]" started-at="2025-08-22T15:56:40 IST" name="setup" finished-at="2025-08-22T15:56:47 IST" duration-ms="6700" status="PASS">
          <reporter-output>
          </reporter-output>
        </test-method> <!-- setup -->
        <test-method signature="recrt(java.lang.String,java.lang.String,java.lang.String,java.lang.String)[pri:0, instance:CoreTests.ProfileRecertTest@759d26fb]" started-at="2025-08-22T15:56:47 IST" name="recrt" data-provider="RecertReport" finished-at="2025-08-22T15:57:41 IST" duration-ms="53662" status="PASS">
          <params>
            <param index="0">
              <value>
                <![CDATA[coreuser]]>
              </value>
            </param>
            <param index="1">
              <value>
                <![CDATA[Harsco123!]]>
              </value>
            </param>
            <param index="2">
              <value>
                <![CDATA[Abadia, Julio]]>
              </value>
            </param>
            <param index="3">
              <value>
                <![CDATA[11956]]>
              </value>
            </param>
          </params>
          <reporter-output>
          </reporter-output>
        </test-method> <!-- recrt -->
        <test-method is-config="true" signature="teardown()[pri:0, instance:CoreTests.ProfileRecertTest@759d26fb]" started-at="2025-08-22T15:57:41 IST" name="teardown" finished-at="2025-08-22T15:57:41 IST" duration-ms="289" status="PASS">
          <reporter-output>
          </reporter-output>
        </test-method> <!-- teardown -->
      </class> <!-- CoreTests.ProfileRecertTest -->
      <class name="CoreTests.ProfileTonnageTest">
        <test-method is-config="true" signature="setup()[pri:0, instance:CoreTests.ProfileTonnageTest@6f46426d]" started-at="2025-08-22T15:59:43 IST" name="setup" finished-at="2025-08-22T15:59:48 IST" duration-ms="5107" status="PASS">
          <reporter-output>
          </reporter-output>
        </test-method> <!-- setup -->
        <test-method signature="ton(java.lang.String,java.lang.String,java.lang.String,java.lang.String)[pri:0, instance:CoreTests.ProfileTonnageTest@6f46426d]" started-at="2025-08-22T15:59:48 IST" name="ton" data-provider="TonnageReport" finished-at="2025-08-22T16:01:18 IST" duration-ms="90437" status="PASS">
          <params>
            <param index="0">
              <value>
                <![CDATA[coreuser]]>
              </value>
            </param>
            <param index="1">
              <value>
                <![CDATA[Harsco123!]]>
              </value>
            </param>
            <param index="2">
              <value>
                <![CDATA[11957]]>
              </value>
            </param>
            <param index="3">
              <value>
                <![CDATA[582]]>
              </value>
            </param>
          </params>
          <reporter-output>
          </reporter-output>
        </test-method> <!-- ton -->
        <test-method is-config="true" signature="teardown()[pri:0, instance:CoreTests.ProfileTonnageTest@6f46426d]" started-at="2025-08-22T16:01:18 IST" name="teardown" finished-at="2025-08-22T16:01:19 IST" duration-ms="293" status="PASS">
          <reporter-output>
          </reporter-output>
        </test-method> <!-- teardown -->
      </class> <!-- CoreTests.ProfileTonnageTest -->
    </test> <!-- Test -->
  </suite> <!-- Suite -->
</testng-results>
