<?xml version="1.0" encoding="UTF-8"?>
<!-- Generated by org.testng.reporters.JUnitReportReporter -->
<testsuite hostname="HSCINHYDLT42593" failures="0" tests="2" name="CoreTests.Outboundtest" time="721.905" errors="0" timestamp="2025-09-08T15:14:14 IST" skipped="1">
  <testcase classname="CoreTests.Outboundtest" name="outbond" time="323.512">
    <skipped/>
  </testcase> <!-- outbond -->
  <testcase classname="CoreTests.Outboundtest" name="outbond" time="398.393"/>
</testsuite> <!-- CoreTests.Outboundtest -->
