<?xml version="1.0" encoding="UTF-8"?>
<!-- Generated by org.testng.reporters.JUnitReportReporter -->
<testsuite hostname="HSCINHYDLT42593" failures="0" tests="2" name="CoreTests.TrackingReportTest" time="274.143" errors="1" timestamp="2025-09-04T17:46:43 IST" skipped="1">
  <testcase classname="CoreTests.TrackingReportTest" name="trrprt" time="126.574">
    <skipped/>
  </testcase> <!-- trrprt -->
  <testcase classname="CoreTests.TrackingReportTest" name="trrprt" time="147.569">
    <error message="Timeout 30000ms exceeded" type="com.microsoft.playwright.TimeoutError">
      <![CDATA[com.microsoft.playwright.TimeoutError: Timeout 30000ms exceeded
at com.microsoft.playwright.impl.WaitableTimeout.get(WaitableTimeout.java:41)
at com.microsoft.playwright.impl.WaitableRace.get(WaitableRace.java:46)
at com.microsoft.playwright.impl.ChannelOwner.runUntil(ChannelOwner.java:138)
at com.microsoft.playwright.impl.PageImpl.waitForEventWithTimeout(PageImpl.java:535)
at com.microsoft.playwright.impl.PageImpl.waitForDownloadImpl(PageImpl.java:478)
at com.microsoft.playwright.impl.PageImpl.lambda$waitForDownload$2(PageImpl.java:471)
at com.microsoft.playwright.impl.WaitForEventLogger.get(WaitForEventLogger.java:49)
at com.microsoft.playwright.impl.ChannelOwner.withWaitLogging(ChannelOwner.java:84)
at com.microsoft.playwright.impl.PageImpl.waitForDownload(PageImpl.java:471)
at com.microsoft.playwright.Page.waitForDownload(Page.java:7640)
at utils.FileUtils.downloadFile(FileUtils.java:22)
at CorePages.TrackingReportPage.expexl(TrackingReportPage.java:101)
at CoreTests.TrackingReportTest.trrprt(TrackingReportTest.java:28)
at java.base/jdk.internal.reflect.NativeMethodAccessorImpl.invoke0(Native Method)
at java.base/jdk.internal.reflect.NativeMethodAccessorImpl.invoke(NativeMethodAccessorImpl.java:77)
at java.base/jdk.internal.reflect.DelegatingMethodAccessorImpl.invoke(DelegatingMethodAccessorImpl.java:43)
at java.base/java.lang.reflect.Method.invoke(Method.java:568)
at org.testng.internal.invokers.MethodInvocationHelper.invokeMethod(MethodInvocationHelper.java:141)
at org.testng.internal.invokers.TestInvoker.invokeMethod(TestInvoker.java:686)
at org.testng.internal.invokers.TestInvoker.retryFailed(TestInvoker.java:269)
at org.testng.internal.invokers.MethodRunner.runInSequence(MethodRunner.java:76)
at org.testng.internal.invokers.TestInvoker$MethodInvocationAgent.invoke(TestInvoker.java:992)
at org.testng.internal.invokers.TestInvoker.invokeTestMethods(TestInvoker.java:203)
at org.testng.internal.invokers.TestMethodWorker.invokeTestMethods(TestMethodWorker.java:154)
at org.testng.internal.invokers.TestMethodWorker.run(TestMethodWorker.java:134)
at java.base/java.util.ArrayList.forEach(ArrayList.java:1511)
at org.testng.TestRunner.privateRun(TestRunner.java:739)
at org.testng.TestRunner.run(TestRunner.java:614)
at org.testng.SuiteRunner.runTest(SuiteRunner.java:421)
at org.testng.SuiteRunner.runSequentially(SuiteRunner.java:413)
at org.testng.SuiteRunner.privateRun(SuiteRunner.java:373)
at org.testng.SuiteRunner.run(SuiteRunner.java:312)
at org.testng.SuiteRunnerWorker.runSuite(SuiteRunnerWorker.java:52)
at org.testng.SuiteRunnerWorker.run(SuiteRunnerWorker.java:95)
at org.testng.TestNG.runSuitesSequentially(TestNG.java:1274)
at org.testng.TestNG.runSuitesLocally(TestNG.java:1208)
at org.testng.TestNG.runSuites(TestNG.java:1112)
at org.testng.TestNG.run(TestNG.java:1079)
at org.testng.remote.AbstractRemoteTestNG.run(AbstractRemoteTestNG.java:115)
at org.testng.remote.RemoteTestNG.initAndRun(RemoteTestNG.java:293)
at org.testng.remote.RemoteTestNG.main(RemoteTestNG.java:91)
]]>
    </error>
  </testcase> <!-- trrprt -->
</testsuite> <!-- CoreTests.TrackingReportTest -->
