<?xml version="1.0" encoding="UTF-8"?>
<!-- Generated by org.testng.reporters.JUnitReportReporter -->
<testsuite hostname="HSCINHYDLT42593" failures="0" tests="2" name="CoreTests.ScannedDrumTest" time="247.483" errors="0" timestamp="2025-09-01T18:38:29 IST" skipped="1">
  <testcase classname="CoreTests.ScannedDrumTest" name="scdrum" time="126.852"/>
  <testcase classname="CoreTests.ScannedDrumTest" name="scdrum" time="120.631">
    <skipped/>
  </testcase> <!-- scdrum -->
</testsuite> <!-- CoreTests.ScannedDrumTest -->
