<?xml version="1.0" encoding="UTF-8"?>
<!-- Generated by org.testng.reporters.JUnitReportReporter -->
<testsuite hostname="HSCINHYDLT42593" failures="0" tests="2" name="CoreTests.ProfileApprovalReport" time="59.706" errors="1" timestamp="2025-09-08T17:45:36 IST" skipped="1">
  <testcase classname="CoreTests.ProfileApprovalReport" name="ProfileApproval" time="20.151">
    <error message="Error {
  message=&#039;Target page, context or browser has been closed
  name=&#039;TargetClosedError
  stack=&#039;TargetClosedError: Target page, context or browser has been closed
    at PageDispatcher._dispose (C:\Users\KSHYAM~1\AppData\Local\Temp\playwright-java-15638886734559388774\package\lib\server\dispatchers\dispatcher.js:105:30)
    at Page.&lt;anonymous&gt; (C:\Users\KSHYAM~1\AppData\Local\Temp\playwright-java-15638886734559388774\package\lib\server\dispatchers\pageDispatcher.js:71:12)
    at Page.emit (node:events:518:28)
    at Page._didClose (C:\Users\KSHYAM~1\AppData\Local\Temp\playwright-java-15638886734559388774\package\lib\server\page.js:172:10)
    at CRPage.didClose (C:\Users\KSHYAM~1\AppData\Local\Temp\playwright-java-15638886734559388774\package\lib\server\chromium\crPage.js:135:16)
    at CRBrowser._onDetachedFromTarget (C:\Users\KSHYAM~1\AppData\Local\Temp\playwright-java-15638886734559388774\package\lib\server\chromium\crBrowser.js:183:14)
    at CRSession.emit (node:events:518:28)
    at C:\Users\KSHYAM~1\AppData\Local\Temp\playwright-java-15638886734559388774\package\lib\server\chromium\crConnection.js:138:14
}
Call log:
-   - waiting for locator(&quot;form#frmMain&quot;) to be visible
" type="com.microsoft.playwright.impl.TargetClosedError">
      <![CDATA[com.microsoft.playwright.impl.TargetClosedError: Error {
  message='Target page, context or browser has been closed
  name='TargetClosedError
  stack='TargetClosedError: Target page, context or browser has been closed
    at PageDispatcher._dispose (C:\Users\KSHYAM~1\AppData\Local\Temp\playwright-java-15638886734559388774\package\lib\server\dispatchers\dispatcher.js:105:30)
    at Page.<anonymous> (C:\Users\KSHYAM~1\AppData\Local\Temp\playwright-java-15638886734559388774\package\lib\server\dispatchers\pageDispatcher.js:71:12)
    at Page.emit (node:events:518:28)
    at Page._didClose (C:\Users\KSHYAM~1\AppData\Local\Temp\playwright-java-15638886734559388774\package\lib\server\page.js:172:10)
    at CRPage.didClose (C:\Users\KSHYAM~1\AppData\Local\Temp\playwright-java-15638886734559388774\package\lib\server\chromium\crPage.js:135:16)
    at CRBrowser._onDetachedFromTarget (C:\Users\KSHYAM~1\AppData\Local\Temp\playwright-java-15638886734559388774\package\lib\server\chromium\crBrowser.js:183:14)
    at CRSession.emit (node:events:518:28)
    at C:\Users\KSHYAM~1\AppData\Local\Temp\playwright-java-15638886734559388774\package\lib\server\chromium\crConnection.js:138:14
}
Call log:
-   - waiting for locator("form#frmMain") to be visible

at com.microsoft.playwright.impl.WaitableResult.get(WaitableResult.java:54)
at com.microsoft.playwright.impl.ChannelOwner.runUntil(ChannelOwner.java:138)
at com.microsoft.playwright.impl.Connection.sendMessage(Connection.java:131)
at com.microsoft.playwright.impl.ChannelOwner.sendMessage(ChannelOwner.java:124)
at com.microsoft.playwright.impl.FrameImpl.waitForSelectorImpl(FrameImpl.java:985)
at com.microsoft.playwright.impl.FrameImpl.waitForSelector(FrameImpl.java:975)
at com.microsoft.playwright.impl.PageImpl.waitForSelector(PageImpl.java:1518)
at CorePages.LoginPage.login(LoginPage.java:49)
at CoreTests.ProfileApprovalReport.ProfileApproval(ProfileApprovalReport.java:14)
at java.base/jdk.internal.reflect.NativeMethodAccessorImpl.invoke0(Native Method)
at java.base/jdk.internal.reflect.NativeMethodAccessorImpl.invoke(NativeMethodAccessorImpl.java:77)
at java.base/jdk.internal.reflect.DelegatingMethodAccessorImpl.invoke(DelegatingMethodAccessorImpl.java:43)
at java.base/java.lang.reflect.Method.invoke(Method.java:568)
at org.testng.internal.invokers.MethodInvocationHelper.invokeMethod(MethodInvocationHelper.java:141)
at org.testng.internal.invokers.TestInvoker.invokeMethod(TestInvoker.java:686)
at org.testng.internal.invokers.TestInvoker.retryFailed(TestInvoker.java:269)
at org.testng.internal.invokers.MethodRunner.runInSequence(MethodRunner.java:76)
at org.testng.internal.invokers.TestInvoker$MethodInvocationAgent.invoke(TestInvoker.java:992)
at org.testng.internal.invokers.TestInvoker.invokeTestMethods(TestInvoker.java:203)
at org.testng.internal.invokers.TestMethodWorker.invokeTestMethods(TestMethodWorker.java:154)
at org.testng.internal.invokers.TestMethodWorker.run(TestMethodWorker.java:134)
at java.base/java.util.ArrayList.forEach(ArrayList.java:1511)
at org.testng.TestRunner.privateRun(TestRunner.java:739)
at org.testng.TestRunner.run(TestRunner.java:614)
at org.testng.SuiteRunner.runTest(SuiteRunner.java:421)
at org.testng.SuiteRunner.runSequentially(SuiteRunner.java:413)
at org.testng.SuiteRunner.privateRun(SuiteRunner.java:373)
at org.testng.SuiteRunner.run(SuiteRunner.java:312)
at org.testng.SuiteRunnerWorker.runSuite(SuiteRunnerWorker.java:52)
at org.testng.SuiteRunnerWorker.run(SuiteRunnerWorker.java:95)
at org.testng.TestNG.runSuitesSequentially(TestNG.java:1274)
at org.testng.TestNG.runSuitesLocally(TestNG.java:1208)
at org.testng.TestNG.runSuites(TestNG.java:1112)
at org.testng.TestNG.run(TestNG.java:1079)
at org.testng.remote.AbstractRemoteTestNG.run(AbstractRemoteTestNG.java:115)
at org.testng.remote.RemoteTestNG.initAndRun(RemoteTestNG.java:293)
at org.testng.remote.RemoteTestNG.main(RemoteTestNG.java:91)
Caused by: com.microsoft.playwright.impl.TargetClosedError: Error {
  message='Target page, context or browser has been closed
  name='TargetClosedError
  stack='TargetClosedError: Target page, context or browser has been closed
    at PageDispatcher._dispose (C:\Users\KSHYAM~1\AppData\Local\Temp\playwright-java-15638886734559388774\package\lib\server\dispatchers\dispatcher.js:105:30)
    at Page.<anonymous> (C:\Users\KSHYAM~1\AppData\Local\Temp\playwright-java-15638886734559388774\package\lib\server\dispatchers\pageDispatcher.js:71:12)
    at Page.emit (node:events:518:28)
    at Page._didClose (C:\Users\KSHYAM~1\AppData\Local\Temp\playwright-java-15638886734559388774\package\lib\server\page.js:172:10)
    at CRPage.didClose (C:\Users\KSHYAM~1\AppData\Local\Temp\playwright-java-15638886734559388774\package\lib\server\chromium\crPage.js:135:16)
    at CRBrowser._onDetachedFromTarget (C:\Users\KSHYAM~1\AppData\Local\Temp\playwright-java-15638886734559388774\package\lib\server\chromium\crBrowser.js:183:14)
    at CRSession.emit (node:events:518:28)
    at C:\Users\KSHYAM~1\AppData\Local\Temp\playwright-java-15638886734559388774\package\lib\server\chromium\crConnection.js:138:14
}
Call log:
-   - waiting for locator("form#frmMain") to be visible

at com.microsoft.playwright.impl.Connection.dispatch(Connection.java:259)
at com.microsoft.playwright.impl.Connection.processOneMessage(Connection.java:214)
at com.microsoft.playwright.impl.ChannelOwner.runUntil(ChannelOwner.java:136)
... 35 more
]]>
    </error>
  </testcase> <!-- ProfileApproval -->
  <testcase classname="CoreTests.ProfileApprovalReport" name="ProfileApproval" time="39.555">
    <skipped/>
  </testcase> <!-- ProfileApproval -->
</testsuite> <!-- CoreTests.ProfileApprovalReport -->
