<?xml version="1.0" encoding="UTF-8"?>
<!-- Generated by org.testng.reporters.JUnitReportReporter -->
<testsuite hostname="HSCINHYDLT42593" failures="0" tests="2" name="CoreTests.WorkorderTest" time="474.663" errors="1" timestamp="2025-09-24T14:52:57 IST" skipped="1">
  <testcase classname="CoreTests.WorkorderTest" name="workorder" time="77.661">
    <skipped/>
  </testcase> <!-- workorder -->
  <testcase classname="CoreTests.WorkorderTest" name="workorder" time="397.002">
    <error message="Error {
  message=&#039;Timeout 60000ms exceeded.
  name=&#039;TimeoutError
  stack=&#039;TimeoutError: Timeout 60000ms exceeded.
    at ProgressController.run (C:\Users\KSHYAM~1\AppData\Local\Temp\playwright-java-17170967552292787042\package\lib\server\progress.js:65:26)
    at FrameDispatcher._runCommand (C:\Users\KSHYAM~1\AppData\Local\Temp\playwright-java-17170967552292787042\package\lib\server\dispatchers\dispatcher.js:91:31)
    at DispatcherConnection.dispatch (C:\Users\KSHYAM~1\AppData\Local\Temp\playwright-java-17170967552292787042\package\lib\server\dispatchers\dispatcher.js:322:39)
}
Call log:
-   - waiting for locator(&quot;//div[@id = &#039;ctl00_MainContent_DetailsView1_rcbProfileName_DropDown&#039;]/div/ul/li[contains(text(),&#039;OBC-90354-267 REDUCING AGENT L063 - MAX DRUM SIZE 85GL&#039;)]&quot;)
-     2 × waiting for&quot; https://coreqa.cleanearthinc.com/App/Manifests/EditManifestDetail.aspx?ManifestID=5098571&amp;RowID=7461371&quot; navigation to finish...
-       - navigated to &quot;https://coreqa.cleanearthinc.com/App/Manifests/EditManifestDetail.aspx?ManifestID=5098571&amp;RowID=7461371&quot;
-     - waiting for&quot; https://coreqa.cleanearthinc.com/App/Manifests/EditManifestDetail.aspx?ManifestID=5098571&amp;RowID=7461371&quot; navigation to finish...
-     - navigated to &quot;https://coreqa.cleanearthinc.com/App/Manifests/ManageManifestDetails.aspx?ManifestID=5098571&quot;
" type="com.microsoft.playwright.TimeoutError">
      <![CDATA[com.microsoft.playwright.TimeoutError: Error {
  message='Timeout 60000ms exceeded.
  name='TimeoutError
  stack='TimeoutError: Timeout 60000ms exceeded.
    at ProgressController.run (C:\Users\KSHYAM~1\AppData\Local\Temp\playwright-java-17170967552292787042\package\lib\server\progress.js:65:26)
    at FrameDispatcher._runCommand (C:\Users\KSHYAM~1\AppData\Local\Temp\playwright-java-17170967552292787042\package\lib\server\dispatchers\dispatcher.js:91:31)
    at DispatcherConnection.dispatch (C:\Users\KSHYAM~1\AppData\Local\Temp\playwright-java-17170967552292787042\package\lib\server\dispatchers\dispatcher.js:322:39)
}
Call log:
-   - waiting for locator("//div[@id = 'ctl00_MainContent_DetailsView1_rcbProfileName_DropDown']/div/ul/li[contains(text(),'OBC-90354-267 REDUCING AGENT L063 - MAX DRUM SIZE 85GL')]")
-     2 × waiting for" https://coreqa.cleanearthinc.com/App/Manifests/EditManifestDetail.aspx?ManifestID=5098571&RowID=7461371" navigation to finish...
-       - navigated to "https://coreqa.cleanearthinc.com/App/Manifests/EditManifestDetail.aspx?ManifestID=5098571&RowID=7461371"
-     - waiting for" https://coreqa.cleanearthinc.com/App/Manifests/EditManifestDetail.aspx?ManifestID=5098571&RowID=7461371" navigation to finish...
-     - navigated to "https://coreqa.cleanearthinc.com/App/Manifests/ManageManifestDetails.aspx?ManifestID=5098571"

at com.microsoft.playwright.impl.WaitableResult.get(WaitableResult.java:52)
at com.microsoft.playwright.impl.ChannelOwner.runUntil(ChannelOwner.java:138)
at com.microsoft.playwright.impl.Connection.sendMessage(Connection.java:131)
at com.microsoft.playwright.impl.ChannelOwner.sendMessage(ChannelOwner.java:124)
at com.microsoft.playwright.impl.FrameImpl.clickImpl(FrameImpl.java:241)
at com.microsoft.playwright.impl.PageImpl.click(PageImpl.java:680)
at com.microsoft.playwright.Page.click(Page.java:3931)
at CorePages.WorkorderPage.detail(WorkorderPage.java:314)
at CoreTests.WorkorderTest.workorder(WorkorderTest.java:24)
at java.base/jdk.internal.reflect.NativeMethodAccessorImpl.invoke0(Native Method)
at java.base/jdk.internal.reflect.NativeMethodAccessorImpl.invoke(NativeMethodAccessorImpl.java:77)
at java.base/jdk.internal.reflect.DelegatingMethodAccessorImpl.invoke(DelegatingMethodAccessorImpl.java:43)
at java.base/java.lang.reflect.Method.invoke(Method.java:568)
at org.testng.internal.invokers.MethodInvocationHelper.invokeMethod(MethodInvocationHelper.java:141)
at org.testng.internal.invokers.TestInvoker.invokeMethod(TestInvoker.java:686)
at org.testng.internal.invokers.TestInvoker.retryFailed(TestInvoker.java:269)
at org.testng.internal.invokers.MethodRunner.runInSequence(MethodRunner.java:76)
at org.testng.internal.invokers.TestInvoker$MethodInvocationAgent.invoke(TestInvoker.java:992)
at org.testng.internal.invokers.TestInvoker.invokeTestMethods(TestInvoker.java:203)
at org.testng.internal.invokers.TestMethodWorker.invokeTestMethods(TestMethodWorker.java:154)
at org.testng.internal.invokers.TestMethodWorker.run(TestMethodWorker.java:134)
at java.base/java.util.ArrayList.forEach(ArrayList.java:1511)
at org.testng.TestRunner.privateRun(TestRunner.java:739)
at org.testng.TestRunner.run(TestRunner.java:614)
at org.testng.SuiteRunner.runTest(SuiteRunner.java:421)
at org.testng.SuiteRunner.runSequentially(SuiteRunner.java:413)
at org.testng.SuiteRunner.privateRun(SuiteRunner.java:373)
at org.testng.SuiteRunner.run(SuiteRunner.java:312)
at org.testng.SuiteRunnerWorker.runSuite(SuiteRunnerWorker.java:52)
at org.testng.SuiteRunnerWorker.run(SuiteRunnerWorker.java:95)
at org.testng.TestNG.runSuitesSequentially(TestNG.java:1274)
at org.testng.TestNG.runSuitesLocally(TestNG.java:1208)
at org.testng.TestNG.runSuites(TestNG.java:1112)
at org.testng.TestNG.run(TestNG.java:1079)
at org.testng.remote.AbstractRemoteTestNG.run(AbstractRemoteTestNG.java:115)
at org.testng.remote.RemoteTestNG.initAndRun(RemoteTestNG.java:293)
at org.testng.remote.RemoteTestNG.main(RemoteTestNG.java:91)
Caused by: com.microsoft.playwright.TimeoutError: Error {
  message='Timeout 60000ms exceeded.
  name='TimeoutError
  stack='TimeoutError: Timeout 60000ms exceeded.
    at ProgressController.run (C:\Users\KSHYAM~1\AppData\Local\Temp\playwright-java-17170967552292787042\package\lib\server\progress.js:65:26)
    at FrameDispatcher._runCommand (C:\Users\KSHYAM~1\AppData\Local\Temp\playwright-java-17170967552292787042\package\lib\server\dispatchers\dispatcher.js:91:31)
    at DispatcherConnection.dispatch (C:\Users\KSHYAM~1\AppData\Local\Temp\playwright-java-17170967552292787042\package\lib\server\dispatchers\dispatcher.js:322:39)
}
Call log:
-   - waiting for locator("//div[@id = 'ctl00_MainContent_DetailsView1_rcbProfileName_DropDown']/div/ul/li[contains(text(),'OBC-90354-267 REDUCING AGENT L063 - MAX DRUM SIZE 85GL')]")
-     2 × waiting for" https://coreqa.cleanearthinc.com/App/Manifests/EditManifestDetail.aspx?ManifestID=5098571&RowID=7461371" navigation to finish...
-       - navigated to "https://coreqa.cleanearthinc.com/App/Manifests/EditManifestDetail.aspx?ManifestID=5098571&RowID=7461371"
-     - waiting for" https://coreqa.cleanearthinc.com/App/Manifests/EditManifestDetail.aspx?ManifestID=5098571&RowID=7461371" navigation to finish...
-     - navigated to "https://coreqa.cleanearthinc.com/App/Manifests/ManageManifestDetails.aspx?ManifestID=5098571"

at com.microsoft.playwright.impl.Connection.dispatch(Connection.java:257)
at com.microsoft.playwright.impl.Connection.processOneMessage(Connection.java:214)
at com.microsoft.playwright.impl.ChannelOwner.runUntil(ChannelOwner.java:136)
... 35 more
]]>
    </error>
  </testcase> <!-- workorder -->
</testsuite> <!-- CoreTests.WorkorderTest -->
